#-----------------------------------------------------------
# Vivado v2018.3 (64-bit)
# SW Build 2405991 on Thu Dec  6 23:38:27 MST 2018
# IP Build 2404404 on Fri Dec  7 01:43:56 MST 2018
# Start of session at: Wed Jun 29 16:00:37 2022
# Process ID: 1324
# Current directory: C:/Users/anjan/OneDrive/Desktop/Pocessor/Processor/Processor
# Command line: vivado.exe -gui_launcher_event rodinguilauncherevent84 C:\Users\anjan\OneDrive\Desktop\Pocessor\Processor\Processor\Processor.xpr
# Log file: C:/Users/anjan/OneDrive/Desktop/Pocessor/Processor/Processor/vivado.log
# Journal file: C:/Users/anjan/OneDrive/Desktop/Pocessor/Processor/Processor\vivado.jou
#-----------------------------------------------------------
start_gui
open_project C:/Users/anjan/OneDrive/Desktop/Pocessor/Processor/Processor/Processor.xpr
CRITICAL WARNING: [Project 1-19] Could not find the file 'C:/Users/anjan/OneDrive/Desktop/Pocessor/Processor/Processor/SRC/DRAM_address_mux.v'.
CRITICAL WARNING: [Project 1-19] Could not find the file 'C:/Users/anjan/OneDrive/Desktop/Pocessor/Processor/Processor/SRC/DRAM_read_data_splitter.v'.
CRITICAL WARNING: [Project 1-19] Could not find the file 'C:/Users/anjan/OneDrive/Desktop/Pocessor/Processor/Processor/SRC/DRAM_syn.v'.
CRITICAL WARNING: [Project 1-19] Could not find the file 'C:/Users/anjan/OneDrive/Desktop/Pocessor/Processor/Processor/SRC/DRAM_write_data_mux.v'.
CRITICAL WARNING: [Project 1-19] Could not find the file 'C:/Users/anjan/OneDrive/Desktop/Pocessor/Processor/Processor/SRC/DRAM_write_enable_mux.v'.
CRITICAL WARNING: [Project 1-19] Could not find the file 'C:/Users/anjan/OneDrive/Desktop/Pocessor/Processor/Processor/SRC/IRAM_syn.v'.
CRITICAL WARNING: [Project 1-19] Could not find the file 'C:/Users/anjan/OneDrive/Desktop/Pocessor/Processor/Processor/SRC/state_to_7seg.v'.
CRITICAL WARNING: [Project 1-19] Could not find the file 'C:/Users/anjan/OneDrive/Desktop/Pocessor/Processor/Processor/SRC/clock25Mhz_bb.v'.
CRITICAL WARNING: [Project 1-19] Could not find the file 'C:/Users/anjan/OneDrive/Desktop/Pocessor/Processor/Processor/SRC/IRAM_bb.v'.
CRITICAL WARNING: [Project 1-19] Could not find the file 'C:/Users/anjan/OneDrive/Desktop/Pocessor/Processor/Processor/SRC/IRAM.v'.
CRITICAL WARNING: [Project 1-19] Could not find the file 'C:/Users/anjan/OneDrive/Desktop/Pocessor/Processor/Processor/SRC/DRAM_bb.v'.
CRITICAL WARNING: [Project 1-19] Could not find the file 'C:/Users/anjan/OneDrive/Desktop/Pocessor/Processor/Processor/SRC/clock25Mhz_syn.v'.
CRITICAL WARNING: [Project 1-19] Could not find the file 'C:/Users/anjan/OneDrive/Desktop/Pocessor/Processor/Processor/SRC/clock25Mhz_inst.v'.
Scanning sources...
Finished scanning sources
INFO: [IP_Flow 19-234] Refreshing IP repositories
INFO: [IP_Flow 19-1704] No user IP repositories specified
INFO: [IP_Flow 19-2313] Loaded Vivado IP repository 'C:/Xilinx/Vivado/2018.3/data/ip'.
open_project: Time (s): cpu = 00:00:18 ; elapsed = 00:00:10 . Memory (MB): peak = 715.133 ; gain = 90.254
update_compile_order -fileset sources_1
synth_design -rtl -name rtl_1
Command: synth_design -rtl -name rtl_1
Starting synth_design
Using part: xc7k70tfbv676-1
Top: Top_Level_Module
---------------------------------------------------------------------------------
Starting RTL Elaboration : Time (s): cpu = 00:00:04 ; elapsed = 00:00:03 . Memory (MB): peak = 800.812 ; gain = 41.086
---------------------------------------------------------------------------------
INFO: [Synth 8-6157] synthesizing module 'Top_Level_Module' [C:/Users/anjan/OneDrive/Desktop/Pocessor/Processor/Processor/SRC/Top_Level_Module.v:1]
ERROR: [Synth 8-439] module 'IRAM' not found [C:/Users/anjan/OneDrive/Desktop/Pocessor/Processor/Processor/SRC/Top_Level_Module.v:48]
ERROR: [Synth 8-6156] failed synthesizing module 'Top_Level_Module' [C:/Users/anjan/OneDrive/Desktop/Pocessor/Processor/Processor/SRC/Top_Level_Module.v:1]
---------------------------------------------------------------------------------
Finished RTL Elaboration : Time (s): cpu = 00:00:04 ; elapsed = 00:00:04 . Memory (MB): peak = 854.906 ; gain = 95.180
---------------------------------------------------------------------------------
RTL Elaboration failed
1 Infos, 0 Warnings, 0 Critical Warnings and 3 Errors encountered.
synth_design failed
ERROR: [Vivado_Tcl 4-5] Elaboration failed - please see the console for details
update_compile_order -fileset sources_1
synth_design -rtl -name rtl_1
Command: synth_design -rtl -name rtl_1
Starting synth_design
Using part: xc7k70tfbv676-1
Top: Top_Level_Module
---------------------------------------------------------------------------------
Starting RTL Elaboration : Time (s): cpu = 00:00:04 ; elapsed = 00:00:04 . Memory (MB): peak = 854.906 ; gain = 0.000
---------------------------------------------------------------------------------
INFO: [Synth 8-6157] synthesizing module 'Top_Level_Module' [C:/Users/anjan/OneDrive/Desktop/Pocessor/Processor/Processor/SRC/Top_Level_Module.v:1]
INFO: [Synth 8-6157] synthesizing module 'IRAM' [C:/Users/anjan/OneDrive/Desktop/Pocessor/Processor/Processor/SRC/IRAM.v:39]
ERROR: [Synth 8-439] module 'altsyncram' not found [C:/Users/anjan/OneDrive/Desktop/Pocessor/Processor/Processor/SRC/IRAM.v:62]
	Parameter clock_enable_input_a bound to: BYPASS - type: string 
	Parameter clock_enable_output_a bound to: BYPASS - type: string 
	Parameter init_file bound to: Instructions.mif - type: string 
	Parameter intended_device_family bound to: Cyclone IV E - type: string 
	Parameter lpm_hint bound to: ENABLE_RUNTIME_MOD=NO - type: string 
	Parameter lpm_type bound to: altsyncram - type: string 
	Parameter numwords_a bound to: 32'sb00000000000000000000000100000000 
	Parameter operation_mode bound to: SINGLE_PORT - type: string 
	Parameter outdata_aclr_a bound to: NONE - type: string 
	Parameter outdata_reg_a bound to: UNREGISTERED - type: string 
	Parameter power_up_uninitialized bound to: FALSE - type: string 
	Parameter read_during_write_mode_port_a bound to: NEW_DATA_NO_NBE_READ - type: string 
	Parameter widthad_a bound to: 32'sb00000000000000000000000000001000 
	Parameter width_a bound to: 32'sb00000000000000000000000000010000 
	Parameter width_byteena_a bound to: 32'sb00000000000000000000000000000001 
ERROR: [Synth 8-6156] failed synthesizing module 'IRAM' [C:/Users/anjan/OneDrive/Desktop/Pocessor/Processor/Processor/SRC/IRAM.v:39]
ERROR: [Synth 8-6156] failed synthesizing module 'Top_Level_Module' [C:/Users/anjan/OneDrive/Desktop/Pocessor/Processor/Processor/SRC/Top_Level_Module.v:1]
---------------------------------------------------------------------------------
Finished RTL Elaboration : Time (s): cpu = 00:00:05 ; elapsed = 00:00:05 . Memory (MB): peak = 870.480 ; gain = 15.574
---------------------------------------------------------------------------------
RTL Elaboration failed
2 Infos, 0 Warnings, 0 Critical Warnings and 4 Errors encountered.
synth_design failed
ERROR: [Vivado_Tcl 4-5] Elaboration failed - please see the console for details
