#-----------------------------------------------------------
# Vivado v2018.3 (64-bit)
# SW Build 2405991 on Thu Dec  6 23:38:27 MST 2018
# IP Build 2404404 on Fri Dec  7 01:43:56 MST 2018
# Start of session at: Tue Jun 28 15:26:27 2022
# Process ID: 15236
# Current directory: C:/Users/anjan/OneDrive/Desktop/Pocessor/Processor/Processor
# Command line: vivado.exe -gui_launcher_event rodinguilauncherevent5400 C:\Users\anjan\OneDrive\Desktop\Pocessor\Processor\Processor\Processor.xpr
# Log file: C:/Users/anjan/OneDrive/Desktop/Pocessor/Processor/Processor/vivado.log
# Journal file: C:/Users/anjan/OneDrive/Desktop/Pocessor/Processor/Processor\vivado.jou
#-----------------------------------------------------------
start_gui
open_project -part xc7k70tfbv676-1 C:/Users/anjan/OneDrive/Desktop/Pocessor/Processor/Processor/Processor.xpr
INFO: [Project 1-313] Project file moved from 'D:/Processor/Processor' since last save.
Scanning sources...
Finished scanning sources
INFO: [Project 1-573] Overriding 'synth_1' run's part, 'xc7vx485tffg1157-1', with new part: 'xc7k70tfbv676-1'.
INFO: [Project 1-573] Overriding 'impl_1' run's part, 'xc7vx485tffg1157-1', with new part: 'xc7k70tfbv676-1'.
INFO: [Project 1-563] Overriding project part, 'xc7vx485tffg1157-1', with new part: 'xc7k70tfbv676-1'.
INFO: [IP_Flow 19-234] Refreshing IP repositories
INFO: [IP_Flow 19-1704] No user IP repositories specified
INFO: [IP_Flow 19-2313] Loaded Vivado IP repository 'C:/Xilinx/Vivado/2018.3/data/ip'.
open_project: Time (s): cpu = 00:00:11 ; elapsed = 00:00:06 . Memory (MB): peak = 683.770 ; gain = 74.738
update_compile_order -fileset sources_1
exit
INFO: [Common 17-206] Exiting Vivado at Tue Jun 28 18:35:02 2022...
