#-----------------------------------------------------------
# Vivado v2018.3 (64-bit)
# SW Build 2405991 on Thu Dec  6 23:38:27 MST 2018
# IP Build 2404404 on Fri Dec  7 01:43:56 MST 2018
# Start of session at: Thu Jun 30 09:06:12 2022
# Process ID: 3824
# Current directory: C:/Users/anjan/OneDrive/Desktop/Pocessor/Processor/Processor
# Command line: vivado.exe -gui_launcher_event rodinguilauncherevent17332 C:\Users\anjan\OneDrive\Desktop\Pocessor\Processor\Processor\Processor.xpr
# Log file: C:/Users/anjan/OneDrive/Desktop/Pocessor/Processor/Processor/vivado.log
# Journal file: C:/Users/anjan/OneDrive/Desktop/Pocessor/Processor/Processor\vivado.jou
#-----------------------------------------------------------
start_gui
open_project C:/Users/anjan/OneDrive/Desktop/Pocessor/Processor/Processor/Processor.xpr
Scanning sources...
Finished scanning sources
INFO: [IP_Flow 19-234] Refreshing IP repositories
INFO: [IP_Flow 19-1704] No user IP repositories specified
INFO: [IP_Flow 19-2313] Loaded Vivado IP repository 'C:/Xilinx/Vivado/2018.3/data/ip'.
open_project: Time (s): cpu = 00:00:15 ; elapsed = 00:00:50 . Memory (MB): peak = 675.402 ; gain = 92.965
update_compile_order -fileset sources_1
export_ip_user_files -of_objects  [get_files C:/Users/anjan/OneDrive/Desktop/Pocessor/Processor/Processor/SRC/clock.v] -no_script -reset -force -quiet
remove_files  C:/Users/anjan/OneDrive/Desktop/Pocessor/Processor/Processor/SRC/clock.v
update_compile_order -fileset sources_1
export_ip_user_files -of_objects  [get_files C:/Users/anjan/OneDrive/Desktop/Pocessor/Processor/Processor/SRC/Data.mif] -no_script -reset -force -quiet
remove_files  C:/Users/anjan/OneDrive/Desktop/Pocessor/Processor/Processor/SRC/Data.mif
export_ip_user_files -of_objects  [get_files C:/Users/anjan/OneDrive/Desktop/Pocessor/Processor/Processor/SRC/Instructions.mif] -no_script -reset -force -quiet
remove_files  C:/Users/anjan/OneDrive/Desktop/Pocessor/Processor/Processor/SRC/Instructions.mif
update_compile_order -fileset sources_1
exit
INFO: [Common 17-206] Exiting Vivado at Thu Jun 30 09:34:39 2022...
