#-----------------------------------------------------------
# Vivado v2018.3 (64-bit)
# SW Build 2405991 on Thu Dec  6 23:38:27 MST 2018
# IP Build 2404404 on Fri Dec  7 01:43:56 MST 2018
# Start of session at: Tue Jun 28 19:59:08 2022
# Process ID: 11840
# Current directory: C:/Users/anjan/OneDrive/Desktop/Pocessor/Processor/Processor
# Command line: vivado.exe -gui_launcher_event rodinguilauncherevent11196 C:\Users\anjan\OneDrive\Desktop\Pocessor\Processor\Processor\Processor.xpr
# Log file: C:/Users/anjan/OneDrive/Desktop/Pocessor/Processor/Processor/vivado.log
# Journal file: C:/Users/anjan/OneDrive/Desktop/Pocessor/Processor/Processor\vivado.jou
#-----------------------------------------------------------
start_gui
open_project C:/Users/anjan/OneDrive/Desktop/Pocessor/Processor/Processor/Processor.xpr
Scanning sources...
Finished scanning sources
INFO: [IP_Flow 19-234] Refreshing IP repositories
INFO: [IP_Flow 19-1704] No user IP repositories specified
INFO: [IP_Flow 19-2313] Loaded Vivado IP repository 'C:/Xilinx/Vivado/2018.3/data/ip'.
open_project: Time (s): cpu = 00:00:17 ; elapsed = 00:00:10 . Memory (MB): peak = 693.059 ; gain = 75.176
update_compile_order -fileset sources_1
synth_design -rtl -name rtl_1
Command: synth_design -rtl -name rtl_1
Starting synth_design
Using part: xc7k70tfbv676-1
Top: Top_Level_Module
---------------------------------------------------------------------------------
Starting RTL Elaboration : Time (s): cpu = 00:00:05 ; elapsed = 00:00:05 . Memory (MB): peak = 833.742 ; gain = 105.027
---------------------------------------------------------------------------------
INFO: [Synth 8-6157] synthesizing module 'Top_Level_Module' [C:/Users/anjan/OneDrive/Desktop/Pocessor/Processor/Processor/SRC/Top_Level_Module.v:1]
INFO: [Synth 8-6157] synthesizing module 'IRAM' [C:/Users/anjan/OneDrive/Desktop/Pocessor/Processor/Processor/SRC/IRAM_syn.v:1073]
INFO: [Synth 8-6157] synthesizing module 'IRAM_altsyncram' [C:/Users/anjan/OneDrive/Desktop/Pocessor/Processor/Processor/SRC/IRAM_syn.v:47]
ERROR: [Synth 8-439] module 'cycloneive_ram_block' not found [C:/Users/anjan/OneDrive/Desktop/Pocessor/Processor/Processor/SRC/IRAM_syn.v:87]
	Parameter clk0_core_clock_enable bound to: none - type: string 
	Parameter clk0_input_clock_enable bound to: none - type: string 
	Parameter connectivity_checking bound to: OFF - type: string 
	Parameter init_file bound to: Instructions.mif - type: string 
	Parameter init_file_layout bound to: port_a - type: string 
	Parameter logical_ram_name bound to: ALTSYNCRAM - type: string 
	Parameter mem_init0 bound to: 256'b0000000000000000000000000000000000000000000000000000000000000000000000000000000000000000000000000000000000000000000000000000000000000000000000000000000000000000000000000000000000000000000000000000000000000000000000000000000000000001000000001010010010000001 
	Parameter operation_mode bound to: single_port - type: string 
	Parameter port_a_address_width bound to: 32'sb00000000000000000000000000001000 
	Parameter port_a_byte_enable_mask_width bound to: 32'sb00000000000000000000000000000001 
	Parameter port_a_byte_size bound to: 32'sb00000000000000000000000000000001 
	Parameter port_a_data_out_clear bound to: none - type: string 
	Parameter port_a_data_out_clock bound to: none - type: string 
	Parameter port_a_data_width bound to: 32'sb00000000000000000000000000000001 
	Parameter port_a_first_address bound to: 32'sb00000000000000000000000000000000 
	Parameter port_a_first_bit_number bound to: 32'sb00000000000000000000000000000000 
	Parameter port_a_last_address bound to: 32'sb00000000000000000000000011111111 
	Parameter port_a_logical_ram_depth bound to: 32'sb00000000000000000000000100000000 
	Parameter port_a_logical_ram_width bound to: 32'sb00000000000000000000000000010000 
	Parameter port_a_read_during_write_mode bound to: new_data_no_nbe_read - type: string 
	Parameter power_up_uninitialized bound to: false - type: string 
	Parameter ram_block_type bound to: AUTO - type: string 
	Parameter lpm_type bound to: cycloneive_ram_block - type: string 
ERROR: [Synth 8-476] no matching instance 'ram_block1a_15' for defparam [C:/Users/anjan/OneDrive/Desktop/Pocessor/Processor/Processor/SRC/IRAM_syn.v:1040]
ERROR: [Synth 8-476] no matching instance 'ram_block1a_14' for defparam [C:/Users/anjan/OneDrive/Desktop/Pocessor/Processor/Processor/SRC/IRAM_syn.v:979]
ERROR: [Synth 8-476] no matching instance 'ram_block1a_13' for defparam [C:/Users/anjan/OneDrive/Desktop/Pocessor/Processor/Processor/SRC/IRAM_syn.v:918]
ERROR: [Synth 8-476] no matching instance 'ram_block1a_12' for defparam [C:/Users/anjan/OneDrive/Desktop/Pocessor/Processor/Processor/SRC/IRAM_syn.v:857]
ERROR: [Synth 8-476] no matching instance 'ram_block1a_11' for defparam [C:/Users/anjan/OneDrive/Desktop/Pocessor/Processor/Processor/SRC/IRAM_syn.v:796]
ERROR: [Synth 8-476] no matching instance 'ram_block1a_10' for defparam [C:/Users/anjan/OneDrive/Desktop/Pocessor/Processor/Processor/SRC/IRAM_syn.v:735]
ERROR: [Synth 8-476] no matching instance 'ram_block1a_9' for defparam [C:/Users/anjan/OneDrive/Desktop/Pocessor/Processor/Processor/SRC/IRAM_syn.v:674]
ERROR: [Synth 8-476] no matching instance 'ram_block1a_8' for defparam [C:/Users/anjan/OneDrive/Desktop/Pocessor/Processor/Processor/SRC/IRAM_syn.v:613]
ERROR: [Synth 8-476] no matching instance 'ram_block1a_7' for defparam [C:/Users/anjan/OneDrive/Desktop/Pocessor/Processor/Processor/SRC/IRAM_syn.v:552]
ERROR: [Synth 8-476] no matching instance 'ram_block1a_6' for defparam [C:/Users/anjan/OneDrive/Desktop/Pocessor/Processor/Processor/SRC/IRAM_syn.v:491]
ERROR: [Synth 8-476] no matching instance 'ram_block1a_5' for defparam [C:/Users/anjan/OneDrive/Desktop/Pocessor/Processor/Processor/SRC/IRAM_syn.v:430]
ERROR: [Synth 8-476] no matching instance 'ram_block1a_4' for defparam [C:/Users/anjan/OneDrive/Desktop/Pocessor/Processor/Processor/SRC/IRAM_syn.v:369]
ERROR: [Synth 8-476] no matching instance 'ram_block1a_3' for defparam [C:/Users/anjan/OneDrive/Desktop/Pocessor/Processor/Processor/SRC/IRAM_syn.v:308]
ERROR: [Synth 8-476] no matching instance 'ram_block1a_2' for defparam [C:/Users/anjan/OneDrive/Desktop/Pocessor/Processor/Processor/SRC/IRAM_syn.v:247]
ERROR: [Synth 8-476] no matching instance 'ram_block1a_1' for defparam [C:/Users/anjan/OneDrive/Desktop/Pocessor/Processor/Processor/SRC/IRAM_syn.v:186]
ERROR: [Synth 8-6156] failed synthesizing module 'IRAM_altsyncram' [C:/Users/anjan/OneDrive/Desktop/Pocessor/Processor/Processor/SRC/IRAM_syn.v:47]
ERROR: [Synth 8-6156] failed synthesizing module 'IRAM' [C:/Users/anjan/OneDrive/Desktop/Pocessor/Processor/Processor/SRC/IRAM_syn.v:1073]
ERROR: [Synth 8-6156] failed synthesizing module 'Top_Level_Module' [C:/Users/anjan/OneDrive/Desktop/Pocessor/Processor/Processor/SRC/Top_Level_Module.v:1]
---------------------------------------------------------------------------------
Finished RTL Elaboration : Time (s): cpu = 00:00:06 ; elapsed = 00:00:07 . Memory (MB): peak = 860.160 ; gain = 131.445
---------------------------------------------------------------------------------
RTL Elaboration failed
3 Infos, 0 Warnings, 0 Critical Warnings and 20 Errors encountered.
synth_design failed
ERROR: [Vivado_Tcl 4-5] Elaboration failed - please see the console for details
exit
INFO: [Common 17-206] Exiting Vivado at Wed Jun 29 02:09:15 2022...
